#
# There is insufficient memory for the Java Runtime Environment to continue.
# Native memory allocation (mmap) failed to map 134217728 bytes for G1 virtual space
# Possible reasons:
#   The system is out of physical RAM or swap space
#   The process is running with CompressedOops enabled, and the Java Heap may be blocking the growth of the native heap
# Possible solutions:
#   Reduce memory load on the system
#   Increase physical memory or swap space
#   Check if swap backing store is full
#   Decrease Java heap size (-Xmx/-Xms)
#   Decrease number of Java threads
#   Decrease Java thread stack sizes (-Xss)
#   Set larger code cache with -XX:ReservedCodeCacheSize=
#   JVM is running with Unscaled Compressed Oops mode in which the Java heap is
#     placed in the first 4GB address space. The Java Heap base address is the
#     maximum limit for the native heap growth. Please use -XX:HeapBaseMinAddress
#     to set the Java Heap base and to place the Java Heap above 4GB virtual address.
# This output file may be truncated or incomplete.
#
#  Out of Memory Error (./open/src/hotspot/os/windows/os_windows.cpp:3321), pid=100328, tid=88772
#
# JRE version:  (15.0.2+7) (build )
# Java VM: OpenJDK 64-Bit Server VM (15.0.2+7-27, mixed mode, sharing, tiered, compressed oops, g1 gc, windows-amd64)
# No core dump will be written. Minidumps are not enabled by default on client versions of Windows
#

---------------  S U M M A R Y ------------

Command Line: -Dfile.encoding=UTF-8 --module-path=C:\Users\mrgab\git\Formais\bin -XX:+ShowCodeDetailsInExceptionMessages -Djdk.module.main=Formais Formais/formais.ProgramaPrincipal

Host: Intel(R) Core(TM) i5-8265U CPU @ 1.60GHz, 8 cores, 7G,  Windows 10 , 64 bit Build 19041 (10.0.19041.804)
Time: Wed Apr  7 23:55:28 2021 Hora Padrão da Bahia elapsed time: 0.047856 seconds (0d 0h 0m 0s)

---------------  T H R E A D  ---------------

Current thread (0x0000027b2094d0d0):  JavaThread "Unknown thread" [_thread_in_vm, id=88772, stack(0x000000f9be100000,0x000000f9be200000)]

Stack: [0x000000f9be100000,0x000000f9be200000]
Native frames: (J=compiled Java code, j=interpreted, Vv=VM code, C=native code)
V  [jvm.dll+0x62ae9a]
V  [jvm.dll+0x7817a9]
V  [jvm.dll+0x782f03]
V  [jvm.dll+0x783563]
V  [jvm.dll+0x216325]
V  [jvm.dll+0x6281d9]
V  [jvm.dll+0x61cf55]
V  [jvm.dll+0x2cffdd]
V  [jvm.dll+0x2cfe42]
V  [jvm.dll+0x2d5e1c]
V  [jvm.dll+0x32590a]
V  [jvm.dll+0x324fd4]
V  [jvm.dll+0x2a6f5a]
V  [jvm.dll+0x2a80f8]
V  [jvm.dll+0x75e241]
V  [jvm.dll+0x3341c4]
V  [jvm.dll+0x73e926]
V  [jvm.dll+0x3b7557]
V  [jvm.dll+0x3b8fe1]
C  [jli.dll+0x52fb]
C  [ucrtbase.dll+0x21bb2]
C  [KERNEL32.DLL+0x17034]
C  [ntdll.dll+0x52651]


---------------  P R O C E S S  ---------------

Threads class SMR info:
_java_thread_list=0x00007ffabe0a4ff0, length=0, elements={
}

Java Threads: ( => current thread )

Other Threads:
  0x0000027b2098efa0 GCTaskThread "GC Thread#0" [stack: 0x000000f9be200000,0x000000f9be300000] [id=102276]
  0x0000027b209a0560 ConcurrentGCThread "G1 Main Marker" [stack: 0x000000f9be300000,0x000000f9be400000] [id=102856]
  0x0000027b209a20f0 ConcurrentGCThread "G1 Conc#0" [stack: 0x000000f9be400000,0x000000f9be500000] [id=95184]

[error occurred during error reporting (printing all threads), id 0xc0000005, EXCEPTION_ACCESS_VIOLATION (0xc0000005) at pc=0x00007ffabd897e27]

VM state: not at safepoint (not fully initialized)

VM Mutex/Monitor currently owned by a thread:  ([mutex/lock_event])
[0x0000027b209476c0] Heap_lock - owner thread: 0x0000027b2094d0d0

Heap address: 0x0000000081e00000, size: 2018 MB, Compressed Oops mode: 32-bit
CDS archive(s) mapped at: [0x0000000000000000-0x0000000000000000-0x0000000000000000), size 0, SharedBaseAddress: 0x0000000800000000, ArchiveRelocationMode: 0.
Narrow klass base: 0x0000000000000000, Narrow klass shift: 0, Narrow klass range: 0x0

Heap:
 garbage-first heap   total 131072K, used 0K [0x0000000081e00000, 0x0000000100000000)
  region size 1024K, 0 young (0K), 0 survivors (0K)
 Metaspace       used 0K, capacity 0K, committed 0K, reserved 0K
  class space    used 0K, capacity 0K, committed 0K, reserved 0K

Heap Regions: E=young(eden), S=young(survivor), O=old, HS=humongous(starts), HC=humongous(continues), CS=collection set, F=free, OA=open archive, CA=closed archive, TAMS=top-at-mark-start (previous, next)

Card table byte_map: [0x0000027b33ab0000,0x0000027b33eb0000] _byte_map_base: 0x0000027b336a1000

Marking Bits (Prev, Next): (CMBitMap*) 0x0000027b2098f720, (CMBitMap*) 0x0000027b2098f760
 Prev Bits: [0x0000027b342b0000, 0x0000027b36238000)
 Next Bits: [0x0000027b36240000, 0x0000027b381c8000)

GC Heap History (0 events):
No events

Deoptimization events (0 events):
No events

Classes unloaded (0 events):
No events

Classes redefined (0 events):
No events

Internal exceptions (0 events):
No events

Events (1 events):
Event: 0.032 Loaded shared library C:\Users\mrgab\.p2\pool\plugins\org.eclipse.justj.openjdk.hotspot.jre.full.win32.x86_64_15.0.2.v20210201-0955\jre\bin\java.dll


Dynamic libraries:
0x00007ff6ec990000 - 0x00007ff6ec99d000 	C:\Users\mrgab\.p2\pool\plugins\org.eclipse.justj.openjdk.hotspot.jre.full.win32.x86_64_15.0.2.v20210201-0955\jre\bin\javaw.exe
0x00007ffafa990000 - 0x00007ffafab85000 	C:\Windows\SYSTEM32\ntdll.dll
0x00007ffafa6f0000 - 0x00007ffafa7ad000 	C:\Windows\System32\KERNEL32.DLL
0x00007ffaf80d0000 - 0x00007ffaf8399000 	C:\Windows\System32\KERNELBASE.dll
0x00007ffaf83a0000 - 0x00007ffaf84a0000 	C:\Windows\System32\ucrtbase.dll
0x00007ffadf840000 - 0x00007ffadf859000 	C:\Users\mrgab\.p2\pool\plugins\org.eclipse.justj.openjdk.hotspot.jre.full.win32.x86_64_15.0.2.v20210201-0955\jre\bin\VCRUNTIME140.dll
0x00007ffada270000 - 0x00007ffada288000 	C:\Users\mrgab\.p2\pool\plugins\org.eclipse.justj.openjdk.hotspot.jre.full.win32.x86_64_15.0.2.v20210201-0955\jre\bin\jli.dll
0x00007ffafa7b0000 - 0x00007ffafa950000 	C:\Windows\System32\USER32.dll
0x00007ffaf8810000 - 0x00007ffaf8832000 	C:\Windows\System32\win32u.dll
0x00007ffae13b0000 - 0x00007ffae164a000 	C:\Windows\WinSxS\amd64_microsoft.windows.common-controls_6595b64144ccf1df_6.0.19041.844_none_ca00b6081b84eb1d\COMCTL32.dll
0x00007ffaf9210000 - 0x00007ffaf923a000 	C:\Windows\System32\GDI32.dll
0x00007ffaf8f80000 - 0x00007ffaf901e000 	C:\Windows\System32\msvcrt.dll
0x00007ffaf8700000 - 0x00007ffaf880b000 	C:\Windows\System32\gdi32full.dll
0x00007ffaf84a0000 - 0x00007ffaf853d000 	C:\Windows\System32\msvcp_win.dll
0x00007ffaf89f0000 - 0x00007ffaf8a20000 	C:\Windows\System32\IMM32.DLL
0x00007ffae4330000 - 0x00007ffae433c000 	C:\Users\mrgab\.p2\pool\plugins\org.eclipse.justj.openjdk.hotspot.jre.full.win32.x86_64_15.0.2.v20210201-0955\jre\bin\vcruntime140_1.dll
0x00007ffac5950000 - 0x00007ffac59e1000 	C:\Users\mrgab\.p2\pool\plugins\org.eclipse.justj.openjdk.hotspot.jre.full.win32.x86_64_15.0.2.v20210201-0955\jre\bin\msvcp140.dll
0x00007ffabd5e0000 - 0x00007ffabe13e000 	C:\Users\mrgab\.p2\pool\plugins\org.eclipse.justj.openjdk.hotspot.jre.full.win32.x86_64_15.0.2.v20210201-0955\jre\bin\server\jvm.dll
0x00007ffaf9150000 - 0x00007ffaf91fc000 	C:\Windows\System32\ADVAPI32.dll
0x00007ffaf9fa0000 - 0x00007ffafa03c000 	C:\Windows\System32\sechost.dll
0x00007ffaf9020000 - 0x00007ffaf914b000 	C:\Windows\System32\RPCRT4.dll
0x00007ffaf9200000 - 0x00007ffaf9208000 	C:\Windows\System32\PSAPI.DLL
0x00007ffaf3260000 - 0x00007ffaf3269000 	C:\Windows\SYSTEM32\WSOCK32.dll
0x00007ffad20b0000 - 0x00007ffad20d7000 	C:\Windows\SYSTEM32\WINMM.dll
0x00007ffaf21c0000 - 0x00007ffaf21ca000 	C:\Windows\SYSTEM32\VERSION.dll
0x00007ffaf9f30000 - 0x00007ffaf9f9b000 	C:\Windows\System32\WS2_32.dll
0x00007ffaf6030000 - 0x00007ffaf6042000 	C:\Windows\SYSTEM32\kernel.appcore.dll
0x00007ffadb390000 - 0x00007ffadb39a000 	C:\Users\mrgab\.p2\pool\plugins\org.eclipse.justj.openjdk.hotspot.jre.full.win32.x86_64_15.0.2.v20210201-0955\jre\bin\jimage.dll
0x00007ffae0e90000 - 0x00007ffae1074000 	C:\Windows\SYSTEM32\DBGHELP.DLL
0x00007ffae0e60000 - 0x00007ffae0e8c000 	C:\Windows\SYSTEM32\dbgcore.DLL
0x00007ffaf85a0000 - 0x00007ffaf8620000 	C:\Windows\System32\bcryptPrimitives.dll
0x00007ffad48d0000 - 0x00007ffad48f5000 	C:\Users\mrgab\.p2\pool\plugins\org.eclipse.justj.openjdk.hotspot.jre.full.win32.x86_64_15.0.2.v20210201-0955\jre\bin\java.dll

dbghelp: loaded successfully - version: 4.0.5 - missing functions: none
symbol engine: initialized successfully - sym options: 0x614 - pdb path: .;C:\Users\mrgab\.p2\pool\plugins\org.eclipse.justj.openjdk.hotspot.jre.full.win32.x86_64_15.0.2.v20210201-0955\jre\bin;C:\Windows\SYSTEM32;C:\Windows\WinSxS\amd64_microsoft.windows.common-controls_6595b64144ccf1df_6.0.19041.844_none_ca00b6081b84eb1d;C:\Users\mrgab\.p2\pool\plugins\org.eclipse.justj.openjdk.hotspot.jre.full.win32.x86_64_15.0.2.v20210201-0955\jre\bin\server

VM Arguments:
jvm_args: -Dfile.encoding=UTF-8 --module-path=C:\Users\mrgab\git\Formais\bin -XX:+ShowCodeDetailsInExceptionMessages -Djdk.module.main=Formais 
java_command: Formais/formais.ProgramaPrincipal
java_class_path (initial): <not set>
Launcher Type: SUN_STANDARD

[Global flags]
     intx CICompilerCount                          = 4                                         {product} {ergonomic}
     uint ConcGCThreads                            = 2                                         {product} {ergonomic}
     uint G1ConcRefinementThreads                  = 8                                         {product} {ergonomic}
   size_t G1HeapRegionSize                         = 1048576                                   {product} {ergonomic}
    uintx GCDrainStackTargetSize                   = 64                                        {product} {ergonomic}
   size_t InitialHeapSize                          = 134217728                                 {product} {ergonomic}
   size_t MarkStackSize                            = 4194304                                   {product} {ergonomic}
   size_t MaxHeapSize                              = 2116026368                                {product} {ergonomic}
   size_t MinHeapDeltaBytes                        = 1048576                                   {product} {ergonomic}
   size_t MinHeapSize                              = 8388608                                   {product} {ergonomic}
    uintx NonNMethodCodeHeapSize                   = 5839372                                {pd product} {ergonomic}
    uintx NonProfiledCodeHeapSize                  = 122909434                              {pd product} {ergonomic}
    uintx ProfiledCodeHeapSize                     = 122909434                              {pd product} {ergonomic}
    uintx ReservedCodeCacheSize                    = 251658240                              {pd product} {ergonomic}
     bool SegmentedCodeCache                       = true                                      {product} {ergonomic}
     bool ShowCodeDetailsInExceptionMessages       = true                                   {manageable} {command line}
   size_t SoftMaxHeapSize                          = 2116026368                             {manageable} {ergonomic}
     bool UseCompressedClassPointers               = true                                 {lp64_product} {ergonomic}
     bool UseCompressedOops                        = true                                 {lp64_product} {ergonomic}
     bool UseG1GC                                  = true                                      {product} {ergonomic}
     bool UseLargePagesIndividualAllocation        = false                                  {pd product} {ergonomic}

Logging:
Log output configuration:
 #0: stdout all=warning uptime,level,tags
 #1: stderr all=off uptime,level,tags

Environment Variables:
PATH=C:/Users/mrgab/.p2/pool/plugins/org.eclipse.justj.openjdk.hotspot.jre.full.win32.x86_64_15.0.2.v20210201-0955/jre/bin/server;C:/Users/mrgab/.p2/pool/plugins/org.eclipse.justj.openjdk.hotspot.jre.full.win32.x86_64_15.0.2.v20210201-0955/jre/bin;C:\Program Files\Common Files\Oracle\Java\javapath;C:\Windows\system32;C:\Windows;C:\Windows\System32\Wbem;C:\Windows\System32\WindowsPowerShell\v1.0\;C:\Windows\System32\OpenSSH\;C:\Program Files (x86)\Intel\Intel(R) Management Engine Components\DAL;C:\Program Files\Intel\Intel(R) Management Engine Components\DAL;C:\Users\mrgab\AppData\Local\Microsoft\WindowsApps;C:\Users\mrgab\AppData\Local\GitHubDesktop\bin;C:\Users\mrgab\OneDrive\Pessoal\Arquivos\Área de Trabalho2;
USERNAME=mrgab
OS=Windows_NT
PROCESSOR_IDENTIFIER=Intel64 Family 6 Model 142 Stepping 12, GenuineIntel



---------------  S Y S T E M  ---------------

OS:
 Windows 10 , 64 bit Build 19041 (10.0.19041.804)
OS uptime: 10 days 11:52 hours

CPU: total 8 (initial active 8) (4 cores per cpu, 2 threads per core) family 6 model 142 stepping 12 microcode 0xde, cmov, cx8, fxsr, mmx, sse, sse2, sse3, ssse3, sse4.1, sse4.2, popcnt, vzeroupper, avx, avx2, aes, clmul, erms, 3dnowpref, lzcnt, ht, tsc, tscinvbit, bmi1, bmi2, adx, fma, clflush, clflushopt

Memory: 4k page, system-wide physical 8068M (306M free)
TotalPageFile size 32644M (AvailPageFile size 102M)
current process WorkingSet (physical memory assigned to process): 10M, peak: 10M
current process commit charge ("private bytes"): 60M, peak: 188M

vm_info: OpenJDK 64-Bit Server VM (15.0.2+7-27) for windows-amd64 JRE (15.0.2+7-27), built on Dec  7 2020 20:02:38 by "mach5one" with unknown MS VC++:1925

END.
